<?xml version="1.0" encoding="UTF-8"?>
<!-- Generated by org.testng.reporters.JUnitReportReporter -->
<testsuite skipped="0" hostname="DESKTOP-DG4NUTJ" name="Refi.NewTest" tests="1" failures="0" timestamp="2021-12-30T01:12:58 IST" time="119.240" errors="0">
  <testcase name="beforeMethod" time="119.240" classname="Refi.NewTest"/>
  <system-out/>
</testsuite> <!-- Refi.NewTest -->
